[6608:18736:0221/172819.184:WARNING:chrome_main_delegate.cc(668)] This is Chrome version 121.0.6167.185 (not a warning)
[6608:18736:0221/172819.304:INFO:policy_logger.cc(144)] :components\enterprise\browser\controller\chrome_browser_cloud_management_controller.cc(168) Starting CBCM Controller Initialization
[6608:18736:0221/172819.304:INFO:policy_logger.cc(144)] :components\enterprise\browser\controller\chrome_browser_cloud_management_controller.cc(196) No machine level policy manager exists.
[6608:18736:0221/172820.270:INFO:CONSOLE(0)] "Error with Permissions-Policy header: Unrecognized feature: 'ambient-light-sensor'.", source:  (0)
[6608:18736:0221/172820.570:INFO:CONSOLE(0)] "[DOM] Input elements should have autocomplete attributes (suggested: "current-password"): (More info: https://goo.gl/9p2vKq) %o", source: https://www.facebook.com/ (0)
[6608:18736:0221/172820.759:INFO:CONSOLE(0)] "
%cStop! font-family:helvetica; font-size:20px; font-size:50px; font-weight:bold; color:red; -webkit-text-stroke:1px black;", source:  (0)
[6608:18736:0221/172820.759:INFO:CONSOLE(0)] "
%cThis is a browser feature intended for developers. If someone told you to copy and paste something here to enable a Facebook feature or "hack" someone's account, it is a scam and will give them access to your Facebook account. font-family:helvetica; font-size:20px; ", source:  (0)
[6608:18736:0221/172820.759:INFO:CONSOLE(0)] "
%cSee https://www.facebook.com/selfxss for more information. font-family:helvetica; font-size:20px; ", source:  (0)
[6608:18736:0221/172820.759:INFO:CONSOLE(0)] "
%c ", source:  (0)
[6608:18736:0221/172825.294:INFO:CONSOLE(0)] "Error with Permissions-Policy header: Unrecognized feature: 'ambient-light-sensor'.", source:  (0)
[6608:18736:0221/172825.799:INFO:CONSOLE(116)] "A preload for 'https://static.xx.fbcdn.net/rsrc.php/v3/yb/r/eECk3ceTaHJ.png' is found, but is not used because image loading is disabled.", source: https://www.facebook.com/ (116)
[6608:18736:0221/172825.799:INFO:CONSOLE(116)] "A preload for 'https://static.xx.fbcdn.net/rsrc.php/v3/yb/r/eECk3ceTaHJ.png' is found, but is not used because image loading is disabled.", source: https://www.facebook.com/ (116)
[6608:18736:0221/172825.799:INFO:CONSOLE(116)] "A preload for 'https://static.xx.fbcdn.net/rsrc.php/v3/yN/r/ATlxuj_J5ty.png' is found, but is not used because image loading is disabled.", source: https://www.facebook.com/ (116)
[6608:18736:0221/172825.799:INFO:CONSOLE(116)] "A preload for 'https://static.xx.fbcdn.net/rsrc.php/v3/yN/r/ATlxuj_J5ty.png' is found, but is not used because image loading is disabled.", source: https://www.facebook.com/ (116)
[6608:18736:0221/172825.799:INFO:CONSOLE(116)] "A preload for 'https://www.facebook.com/images/comet/dbl_qp/comet_aswitch.png' is found, but is not used because image loading is disabled.", source: https://www.facebook.com/ (116)
[6608:18736:0221/172825.799:INFO:CONSOLE(116)] "A preload for 'https://www.facebook.com/images/comet/dbl_qp/comet_aswitch.png' is found, but is not used because image loading is disabled.", source: https://www.facebook.com/ (116)
[6608:18736:0221/172825.800:INFO:CONSOLE(116)] "A preload for 'https://static.xx.fbcdn.net/rsrc.php/v3/yr/r/c0dWho49-X3.png' is found, but is not used because image loading is disabled.", source: https://www.facebook.com/ (116)
[6608:18736:0221/172825.800:INFO:CONSOLE(116)] "A preload for 'https://static.xx.fbcdn.net/rsrc.php/v3/yr/r/c0dWho49-X3.png' is found, but is not used because image loading is disabled.", source: https://www.facebook.com/ (116)
[6608:18736:0221/172825.800:INFO:CONSOLE(116)] "A preload for 'https://static.xx.fbcdn.net/rsrc.php/v3/y7/r/Ivw7nhRtXyo.png' is found, but is not used because image loading is disabled.", source: https://www.facebook.com/ (116)
[6608:18736:0221/172825.800:INFO:CONSOLE(116)] "A preload for 'https://static.xx.fbcdn.net/rsrc.php/v3/y7/r/Ivw7nhRtXyo.png' is found, but is not used because image loading is disabled.", source: https://www.facebook.com/ (116)
[6608:18736:0221/172825.800:INFO:CONSOLE(116)] "A preload for 'https://static.xx.fbcdn.net/rsrc.php/v3/yd/r/Y4mYLVOhTwq.png' is found, but is not used because image loading is disabled.", source: https://www.facebook.com/ (116)
[6608:18736:0221/172825.800:INFO:CONSOLE(116)] "A preload for 'https://static.xx.fbcdn.net/rsrc.php/v3/yd/r/Y4mYLVOhTwq.png' is found, but is not used because image loading is disabled.", source: https://www.facebook.com/ (116)
[6608:18736:0221/172825.863:INFO:CONSOLE(604)] "A preload for 'https://static.xx.fbcdn.net/rsrc.php/v3/yr/r/c0dWho49-X3.png' is found, but is not used because image loading is disabled.", source: https://static.xx.fbcdn.net/rsrc.php/v3ieWX4/y6/l/makehaste_jhash/WmjpsiptDDwq043m1px02tI5LzDSxs6p9wts9_OTylR89L7kiJcBgX8Czmn3Vje86Kl9h8c3TOeA90-lAm_a_i2L5Imf066KzDgrWjR8xfZ0KhzkyhQ8bqNhYh51pnyATAoPPdf73MM3rnjSiApTiExep4rgpaDe9xVPwVHgnBiVbb6pnucw9-3hK7rZQllFv7EHEl.js?_nc_x=fbe8zsnviaQ (604)
[6608:18736:0221/172825.863:INFO:CONSOLE(604)] "A preload for 'https://static.xx.fbcdn.net/rsrc.php/v3/y7/r/Ivw7nhRtXyo.png' is found, but is not used because image loading is disabled.", source: https://static.xx.fbcdn.net/rsrc.php/v3ieWX4/y6/l/makehaste_jhash/WmjpsiptDDwq043m1px02tI5LzDSxs6p9wts9_OTylR89L7kiJcBgX8Czmn3Vje86Kl9h8c3TOeA90-lAm_a_i2L5Imf066KzDgrWjR8xfZ0KhzkyhQ8bqNhYh51pnyATAoPPdf73MM3rnjSiApTiExep4rgpaDe9xVPwVHgnBiVbb6pnucw9-3hK7rZQllFv7EHEl.js?_nc_x=fbe8zsnviaQ (604)
[6608:18736:0221/172825.864:INFO:CONSOLE(604)] "A preload for 'https://static.xx.fbcdn.net/rsrc.php/v3/yd/r/Y4mYLVOhTwq.png' is found, but is not used because image loading is disabled.", source: https://static.xx.fbcdn.net/rsrc.php/v3ieWX4/y6/l/makehaste_jhash/WmjpsiptDDwq043m1px02tI5LzDSxs6p9wts9_OTylR89L7kiJcBgX8Czmn3Vje86Kl9h8c3TOeA90-lAm_a_i2L5Imf066KzDgrWjR8xfZ0KhzkyhQ8bqNhYh51pnyATAoPPdf73MM3rnjSiApTiExep4rgpaDe9xVPwVHgnBiVbb6pnucw9-3hK7rZQllFv7EHEl.js?_nc_x=fbe8zsnviaQ (604)
[6608:18736:0221/172825.865:INFO:CONSOLE(604)] "A preload for 'https://static.xx.fbcdn.net/rsrc.php/v3/yz/r/4GR4KRf3hN2.png' is found, but is not used because image loading is disabled.", source: https://static.xx.fbcdn.net/rsrc.php/v3ieWX4/y6/l/makehaste_jhash/WmjpsiptDDwq043m1px02tI5LzDSxs6p9wts9_OTylR89L7kiJcBgX8Czmn3Vje86Kl9h8c3TOeA90-lAm_a_i2L5Imf066KzDgrWjR8xfZ0KhzkyhQ8bqNhYh51pnyATAoPPdf73MM3rnjSiApTiExep4rgpaDe9xVPwVHgnBiVbb6pnucw9-3hK7rZQllFv7EHEl.js?_nc_x=fbe8zsnviaQ (604)
[6608:18736:0221/172825.866:INFO:CONSOLE(604)] "A preload for 'https://static.xx.fbcdn.net/rsrc.php/v3/yV/r/vTDQ3deAsEh.png' is found, but is not used because image loading is disabled.", source: https://static.xx.fbcdn.net/rsrc.php/v3ieWX4/y6/l/makehaste_jhash/WmjpsiptDDwq043m1px02tI5LzDSxs6p9wts9_OTylR89L7kiJcBgX8Czmn3Vje86Kl9h8c3TOeA90-lAm_a_i2L5Imf066KzDgrWjR8xfZ0KhzkyhQ8bqNhYh51pnyATAoPPdf73MM3rnjSiApTiExep4rgpaDe9xVPwVHgnBiVbb6pnucw9-3hK7rZQllFv7EHEl.js?_nc_x=fbe8zsnviaQ (604)
[6608:18736:0221/172826.118:INFO:CONSOLE(166)] "A preload for 'https://static.xx.fbcdn.net/rsrc.php/v3/y5/r/qop9rFQ_Ys1.png' is found, but is not used because image loading is disabled.", source: https://www.facebook.com/ (166)
[6608:18736:0221/172826.138:INFO:CONSOLE(183)] "A preload for 'https://static.xx.fbcdn.net/rsrc.php/v3/yh/r/hcEW2yW6bcK.png' is found, but is not used because image loading is disabled.", source: https://www.facebook.com/ (183)
[6608:18736:0221/172826.146:INFO:CONSOLE(183)] "A preload for 'https://static.xx.fbcdn.net/rsrc.php/v3/yQ/r/25lo4dcBYUO.png' is found, but is not used because image loading is disabled.", source: https://www.facebook.com/ (183)
[6608:18736:0221/172826.729:INFO:CONSOLE(239)] "
%cStop! font-family:helvetica; font-size:20px; font-size:50px; font-weight:bold; color:red; -webkit-text-stroke:1px black;", source: https://static.xx.fbcdn.net/rsrc.php/v3/yW/r/-xtNSS8Cn-Q.js?_nc_x=fbe8zsnviaQ (239)
[6608:18736:0221/172826.729:INFO:CONSOLE(239)] "
%cThis is a browser feature intended for developers. If someone told you to copy-paste something here to enable a Facebook feature or "hack" someone's account, it is a scam and will give them access to your Facebook account. font-family:helvetica; font-size:20px; ", source: https://static.xx.fbcdn.net/rsrc.php/v3/yW/r/-xtNSS8Cn-Q.js?_nc_x=fbe8zsnviaQ (239)
[6608:18736:0221/172826.729:INFO:CONSOLE(239)] "
%cSee https://www.facebook.com/selfxss for more information. font-family:helvetica; font-size:20px; ", source: https://static.xx.fbcdn.net/rsrc.php/v3/yW/r/-xtNSS8Cn-Q.js?_nc_x=fbe8zsnviaQ (239)
[6608:18736:0221/172826.729:INFO:CONSOLE(239)] "
%c ", source: https://static.xx.fbcdn.net/rsrc.php/v3/yW/r/-xtNSS8Cn-Q.js?_nc_x=fbe8zsnviaQ (239)
[6608:18736:0221/172827.168:INFO:CONSOLE(0)] "Error with Permissions-Policy header: Unrecognized feature: 'ambient-light-sensor'.", source:  (0)
[6608:18736:0221/172830.122:INFO:CONSOLE(0)] "Error with Permissions-Policy header: Unrecognized feature: 'ambient-light-sensor'.", source:  (0)
[6608:18736:0221/172831.528:INFO:CONSOLE(98)] "A preload for 'https://scontent.fdad3-1.fna.fbcdn.net/v/t39.30808-6/357101127_2876972482434850_8857539094483343186_n.jpg?stp=dst-jpg_fb50_s320x320&_nc_cat=108&ccb=1-7&_nc_sid=173fa1&_nc_ohc=E0lKLeB1luIAX9JMrr9&_nc_ht=scontent.fdad3-1.fna&oh=00_AfAmJay4LhcBSilMDACBpZgZntcUIZvLU8PyWX5H-b5wtw&oe=65DAEA1A' is found, but is not used because image loading is disabled.", source: https://www.facebook.com/groups/goonus.io/posts/958458875569896/ (98)
[6608:18736:0221/172831.528:INFO:CONSOLE(98)] "A preload for 'https://scontent.fdad3-1.fna.fbcdn.net/v/t39.30808-6/357101127_2876972482434850_8857539094483343186_n.jpg?stp=dst-jpg_fb50_s320x320&_nc_cat=108&ccb=1-7&_nc_sid=173fa1&_nc_ohc=E0lKLeB1luIAX9JMrr9&_nc_ht=scontent.fdad3-1.fna&oh=00_AfAmJay4LhcBSilMDACBpZgZntcUIZvLU8PyWX5H-b5wtw&oe=65DAEA1A' is found, but is not used because image loading is disabled.", source: https://www.facebook.com/groups/goonus.io/posts/958458875569896/ (98)
[6608:18736:0221/172831.528:INFO:CONSOLE(98)] "A preload for 'https://scontent.fdad3-1.fna.fbcdn.net/v/t39.30808-6/357101127_2876972482434850_8857539094483343186_n.jpg?stp=dst-jpg_s960x960&_nc_cat=108&ccb=1-7&_nc_sid=173fa1&_nc_ohc=E0lKLeB1luIAX9JMrr9&_nc_ht=scontent.fdad3-1.fna&oh=00_AfCr-IWrNtUqS0Q97JCNEVE3bRRNiOkZAQAt6dIbFkoQBg&oe=65DAEA1A' is found, but is not used because image loading is disabled.", source: https://www.facebook.com/groups/goonus.io/posts/958458875569896/ (98)
[6608:18736:0221/172831.528:INFO:CONSOLE(98)] "A preload for 'https://scontent.fdad3-1.fna.fbcdn.net/v/t39.30808-6/357101127_2876972482434850_8857539094483343186_n.jpg?stp=dst-jpg_s960x960&_nc_cat=108&ccb=1-7&_nc_sid=173fa1&_nc_ohc=E0lKLeB1luIAX9JMrr9&_nc_ht=scontent.fdad3-1.fna&oh=00_AfCr-IWrNtUqS0Q97JCNEVE3bRRNiOkZAQAt6dIbFkoQBg&oe=65DAEA1A' is found, but is not used because image loading is disabled.", source: https://www.facebook.com/groups/goonus.io/posts/958458875569896/ (98)
[6608:18736:0221/172831.545:INFO:CONSOLE(101)] "A preload for 'https://scontent.fdad3-1.fna.fbcdn.net/v/t39.30808-6/357101127_2876972482434850_8857539094483343186_n.jpg?stp=dst-jpg_fb50_s320x320&_nc_cat=108&ccb=1-7&_nc_sid=173fa1&_nc_ohc=E0lKLeB1luIAX9JMrr9&_nc_ht=scontent.fdad3-1.fna&oh=00_AfAmJay4LhcBSilMDACBpZgZntcUIZvLU8PyWX5H-b5wtw&oe=65DAEA1A' is found, but is not used because image loading is disabled.", source: https://static.xx.fbcdn.net/rsrc.php/v3i36N4/yP/l/makehaste_jhash/Z-iRan2BIZQ8D0mY4Ulcoc4GgFy-KE-zjM60OFPwh0pEqGmwOyL9VVmUreKrUIErLGehDMjPHtOrcuXi3p4atDmpkXZkmWiZCVGan5kCd465jcr-OGiB24-diLO4Za5tMDRp24MVCbSfjFX83NlI23E9ia1taHuL-tz8miEPxA1PKT4I-xxJPxyBqNe6t4CpSSDCgnNzxEoeBoAAQp17U9SvJBl0eWLRNCp_KT48uf4vFDVr6MgQBDA-Upibo-OFZ3QFeAC1eDAjfBbVMRTyTxd215uLlsQoi-6VK3St2Knh6P75TCtXp55HfXW__mMe9COMMAHpJ-.js?_nc_x=fbe8zsnviaQ (101)
[6608:18736:0221/172831.545:INFO:CONSOLE(101)] "A preload for 'https://scontent.fdad3-1.fna.fbcdn.net/v/t39.30808-6/357101127_2876972482434850_8857539094483343186_n.jpg?stp=dst-jpg_s960x960&_nc_cat=108&ccb=1-7&_nc_sid=173fa1&_nc_ohc=E0lKLeB1luIAX9JMrr9&_nc_ht=scontent.fdad3-1.fna&oh=00_AfCr-IWrNtUqS0Q97JCNEVE3bRRNiOkZAQAt6dIbFkoQBg&oe=65DAEA1A' is found, but is not used because image loading is disabled.", source: https://static.xx.fbcdn.net/rsrc.php/v3i36N4/yP/l/makehaste_jhash/Z-iRan2BIZQ8D0mY4Ulcoc4GgFy-KE-zjM60OFPwh0pEqGmwOyL9VVmUreKrUIErLGehDMjPHtOrcuXi3p4atDmpkXZkmWiZCVGan5kCd465jcr-OGiB24-diLO4Za5tMDRp24MVCbSfjFX83NlI23E9ia1taHuL-tz8miEPxA1PKT4I-xxJPxyBqNe6t4CpSSDCgnNzxEoeBoAAQp17U9SvJBl0eWLRNCp_KT48uf4vFDVr6MgQBDA-Upibo-OFZ3QFeAC1eDAjfBbVMRTyTxd215uLlsQoi-6VK3St2Knh6P75TCtXp55HfXW__mMe9COMMAHpJ-.js?_nc_x=fbe8zsnviaQ (101)
[6608:18736:0221/172831.546:INFO:CONSOLE(106)] "A preload for 'https://static.xx.fbcdn.net/rsrc.php/v3/yh/r/hcEW2yW6bcK.png' is found, but is not used because image loading is disabled.", source: https://www.facebook.com/groups/goonus.io/posts/958458875569896/ (106)
[6608:18736:0221/172831.547:INFO:CONSOLE(106)] "A preload for 'https://static.xx.fbcdn.net/rsrc.php/v3/yT/r/sudLIWVtEVU.png' is found, but is not used because image loading is disabled.", source: https://www.facebook.com/groups/goonus.io/posts/958458875569896/ (106)
[6608:18736:0221/172831.548:INFO:CONSOLE(106)] "A preload for 'https://static.xx.fbcdn.net/rsrc.php/v3/yc/r/UBS6Qub0YWQ.png' is found, but is not used because image loading is disabled.", source: https://www.facebook.com/groups/goonus.io/posts/958458875569896/ (106)
[6608:18736:0221/172831.549:INFO:CONSOLE(106)] "A preload for 'https://static.xx.fbcdn.net/rsrc.php/v3/ye/r/rZAT31t1UHN.png' is found, but is not used because image loading is disabled.", source: https://www.facebook.com/groups/goonus.io/posts/958458875569896/ (106)
[6608:18736:0221/172831.549:INFO:CONSOLE(106)] "A preload for 'https://static.xx.fbcdn.net/rsrc.php/v3/ya/r/Hzj51yJQMim.png' is found, but is not used because image loading is disabled.", source: https://www.facebook.com/groups/goonus.io/posts/958458875569896/ (106)
[6608:18736:0221/172831.550:INFO:CONSOLE(106)] "A preload for 'https://static.xx.fbcdn.net/rsrc.php/v3/yQ/r/25lo4dcBYUO.png' is found, but is not used because image loading is disabled.", source: https://www.facebook.com/groups/goonus.io/posts/958458875569896/ (106)
[6608:18736:0221/172831.714:INFO:CONSOLE(604)] "A preload for 'https://scontent.fdad3-1.fna.fbcdn.net/v/t39.30808-6/357101127_2876972482434850_8857539094483343186_n.jpg?stp=dst-jpg_s960x960&_nc_cat=108&ccb=1-7&_nc_sid=173fa1&_nc_ohc=E0lKLeB1luIAX9JMrr9&_nc_ht=scontent.fdad3-1.fna&oh=00_AfCr-IWrNtUqS0Q97JCNEVE3bRRNiOkZAQAt6dIbFkoQBg&oe=65DAEA1A' is found, but is not used because image loading is disabled.", source: https://static.xx.fbcdn.net/rsrc.php/v3iwk04/yg/l/makehaste_jhash/WmjpsiptDDwq043m1px02tI5LzDSxs6p9wts9_OTylR89L7kiJcBgX8Czmn3Vje86Kl9h8c3TOeA90-lAm_a_i2L5Imf066KzDgrWjR8xfZ0KhzkyhQ8bqNhYh51pnyATAoPPdf73MM3rnjSiApTiExep4VHgnBiVbb6pnucw9-3hK7rZQllFv7EHEl5iwlQ_tC_EebKs0x5CO3eBYsSQ660l7PbiwpSzF6PjPr9XIEs8OVHuNkSzNNLPNBHpUR8N9z4SGoi8eyVqIUFItgFNypOxCvcaRdVpe_5sZSnAFG3NaVxyiK4.js?_nc_x=fbe8zsnviaQ (604)
[6608:18736:0221/172831.714:INFO:CONSOLE(604)] "A preload for 'https://scontent.fdad3-1.fna.fbcdn.net/v/t39.30808-6/357101127_2876972482434850_8857539094483343186_n.jpg?stp=dst-jpg_s960x960&_nc_cat=108&ccb=1-7&_nc_sid=173fa1&_nc_ohc=E0lKLeB1luIAX9JMrr9&_nc_ht=scontent.fdad3-1.fna&oh=00_AfCr-IWrNtUqS0Q97JCNEVE3bRRNiOkZAQAt6dIbFkoQBg&oe=65DAEA1A' is found, but is not used because image loading is disabled.", source: https://static.xx.fbcdn.net/rsrc.php/v3iwk04/yg/l/makehaste_jhash/WmjpsiptDDwq043m1px02tI5LzDSxs6p9wts9_OTylR89L7kiJcBgX8Czmn3Vje86Kl9h8c3TOeA90-lAm_a_i2L5Imf066KzDgrWjR8xfZ0KhzkyhQ8bqNhYh51pnyATAoPPdf73MM3rnjSiApTiExep4VHgnBiVbb6pnucw9-3hK7rZQllFv7EHEl5iwlQ_tC_EebKs0x5CO3eBYsSQ660l7PbiwpSzF6PjPr9XIEs8OVHuNkSzNNLPNBHpUR8N9z4SGoi8eyVqIUFItgFNypOxCvcaRdVpe_5sZSnAFG3NaVxyiK4.js?_nc_x=fbe8zsnviaQ (604)
[6608:18736:0221/172831.812:INFO:CONSOLE(239)] "
%cStop! font-family:helvetica; font-size:20px; font-size:50px; font-weight:bold; color:red; -webkit-text-stroke:1px black;", source: https://static.xx.fbcdn.net/rsrc.php/v3/yW/r/-xtNSS8Cn-Q.js?_nc_x=fbe8zsnviaQ (239)
[6608:18736:0221/172831.812:INFO:CONSOLE(239)] "
%cThis is a browser feature intended for developers. If someone told you to copy-paste something here to enable a Facebook feature or "hack" someone's account, it is a scam and will give them access to your Facebook account. font-family:helvetica; font-size:20px; ", source: https://static.xx.fbcdn.net/rsrc.php/v3/yW/r/-xtNSS8Cn-Q.js?_nc_x=fbe8zsnviaQ (239)
[6608:18736:0221/172831.812:INFO:CONSOLE(239)] "
%cSee https://www.facebook.com/selfxss for more information. font-family:helvetica; font-size:20px; ", source: https://static.xx.fbcdn.net/rsrc.php/v3/yW/r/-xtNSS8Cn-Q.js?_nc_x=fbe8zsnviaQ (239)
[6608:18736:0221/172831.812:INFO:CONSOLE(239)] "
%c ", source: https://static.xx.fbcdn.net/rsrc.php/v3/yW/r/-xtNSS8Cn-Q.js?_nc_x=fbe8zsnviaQ (239)
[6608:18736:0221/172832.032:INFO:CONSOLE(0)] "Error with Permissions-Policy header: Unrecognized feature: 'ambient-light-sensor'.", source:  (0)
[6608:18736:0221/172833.759:WARNING:controller_impl.cc(1190)] Background download complete, client: 6, completion type: 0, file size:5137
[6608:18736:0221/172833.839:WARNING:controller_impl.cc(1190)] Background download complete, client: 6, completion type: 0, file size:265059
[6608:18736:0221/172834.845:WARNING:controller_impl.cc(1190)] Background download complete, client: 6, completion type: 0, file size:883094
[6608:18736:0221/172834.956:WARNING:controller_impl.cc(1190)] Background download complete, client: 6, completion type: 0, file size:2222106
[6608:18736:0221/172835.284:WARNING:controller_impl.cc(1190)] Background download complete, client: 6, completion type: 0, file size:45154
[6608:18736:0221/172835.958:WARNING:controller_impl.cc(1190)] Background download complete, client: 6, completion type: 0, file size:2747170
[6608:18736:0221/172836.824:WARNING:controller_impl.cc(1190)] Background download complete, client: 6, completion type: 0, file size:1463571
[6608:18736:0221/172837.672:WARNING:controller_impl.cc(1190)] Background download complete, client: 6, completion type: 0, file size:3844
[6608:18736:0221/172838.728:INFO:CONSOLE(0)] "The resource https://scontent.fdad3-1.fna.fbcdn.net/v/t39.30808-6/357101127_2876972482434850_8857539094483343186_n.jpg?stp=dst-jpg_s960x960&_nc_cat=108&ccb=1-7&_nc_sid=173fa1&_nc_ohc=E0lKLeB1luIAX9JMrr9&_nc_ht=scontent.fdad3-1.fna&oh=00_AfCr-IWrNtUqS0Q97JCNEVE3bRRNiOkZAQAt6dIbFkoQBg&oe=65DAEA1A was preloaded using link preload but not used within a few seconds from the window's load event. Please make sure it has an appropriate `as` value and it is preloaded intentionally.", source: https://www.facebook.com/groups/goonus.io/posts/958458875569896/ (0)
[6608:18736:0221/172838.729:INFO:CONSOLE(0)] "The resource https://static.xx.fbcdn.net/rsrc.php/v3/yc/r/UBS6Qub0YWQ.png was preloaded using link preload but not used within a few seconds from the window's load event. Please make sure it has an appropriate `as` value and it is preloaded intentionally.", source: https://www.facebook.com/groups/goonus.io/posts/958458875569896/ (0)
[6608:18736:0221/172838.729:INFO:CONSOLE(0)] "The resource https://static.xx.fbcdn.net/rsrc.php/v3/ya/r/Hzj51yJQMim.png was preloaded using link preload but not used within a few seconds from the window's load event. Please make sure it has an appropriate `as` value and it is preloaded intentionally.", source: https://www.facebook.com/groups/goonus.io/posts/958458875569896/ (0)
[6608:18736:0221/172838.729:INFO:CONSOLE(0)] "The resource https://static.xx.fbcdn.net/rsrc.php/v3/ye/r/rZAT31t1UHN.png was preloaded using link preload but not used within a few seconds from the window's load event. Please make sure it has an appropriate `as` value and it is preloaded intentionally.", source: https://www.facebook.com/groups/goonus.io/posts/958458875569896/ (0)
[6608:18736:0221/172838.729:INFO:CONSOLE(0)] "The resource https://static.xx.fbcdn.net/rsrc.php/v3/yQ/r/25lo4dcBYUO.png was preloaded using link preload but not used within a few seconds from the window's load event. Please make sure it has an appropriate `as` value and it is preloaded intentionally.", source: https://www.facebook.com/groups/goonus.io/posts/958458875569896/ (0)
[6608:18736:0221/172838.729:INFO:CONSOLE(0)] "The resource https://static.xx.fbcdn.net/rsrc.php/v3/yh/r/hcEW2yW6bcK.png was preloaded using link preload but not used within a few seconds from the window's load event. Please make sure it has an appropriate `as` value and it is preloaded intentionally.", source: https://www.facebook.com/groups/goonus.io/posts/958458875569896/ (0)
[6608:18736:0221/172838.729:INFO:CONSOLE(0)] "The resource https://static.xx.fbcdn.net/rsrc.php/v3/yT/r/sudLIWVtEVU.png was preloaded using link preload but not used within a few seconds from the window's load event. Please make sure it has an appropriate `as` value and it is preloaded intentionally.", source: https://www.facebook.com/groups/goonus.io/posts/958458875569896/ (0)
[6608:18736:0221/172838.729:INFO:CONSOLE(0)] "The resource https://scontent.fdad3-1.fna.fbcdn.net/v/t39.30808-6/357101127_2876972482434850_8857539094483343186_n.jpg?stp=dst-jpg_fb50_s320x320&_nc_cat=108&ccb=1-7&_nc_sid=173fa1&_nc_ohc=E0lKLeB1luIAX9JMrr9&_nc_ht=scontent.fdad3-1.fna&oh=00_AfAmJay4LhcBSilMDACBpZgZntcUIZvLU8PyWX5H-b5wtw&oe=65DAEA1A was preloaded using link preload but not used within a few seconds from the window's load event. Please make sure it has an appropriate `as` value and it is preloaded intentionally.", source: https://www.facebook.com/groups/goonus.io/posts/958458875569896/ (0)
[6608:18736:0221/172842.584:WARNING:pref_notifier_impl.cc(41)] Pref observer for media_router.cast_allow_all_ips found at shutdown.
