[0115/111358.083:INFO:CONSOLE(0)] "Error with Permissions-Policy header: Unrecognized feature: 'ambient-light-sensor'.", source:  (0)
[0115/111359.418:INFO:CONSOLE(0)] "Error with Permissions-Policy header: Unrecognized feature: 'ambient-light-sensor'.", source:  (0)
[0115/111359.653:INFO:CONSOLE(648)] "


                                            
 .d8888b.  888                       888    
d88P  Y88b 888                       888    
Y88b.      888                       888    This is a browser feature intended for 
 "Y888b.   888888  .d88b.  88888b.   888    developers. If someone told you to copy 
    "Y88b. 888    d88""88b 888 "88b  888    and paste something here to enable a 
      "888 888    888  888 888  888  Y8P    Facebook feature or "hack" someone's 
Y88b  d88P Y88b.  Y88..88P 888 d88P         account, it is a scam and will give them 
 "Y8888P"   "Y888  "Y88P"  88888P"   888    access to your Facebook account.
                           888              
                           888              
                           888              

See https://www.facebook.com/selfxss for more information.
", source: https://static.xx.fbcdn.net/rsrc.php/v3iMe84/yG/l/makehaste_jhash/QYX29Z18nFdEAFKpQRInqKCV8HmCfAtIJUH0mYbgSz3HtEvGrEbCp0BXZTqzkJDAvWprOGSPIFXeVu1sKyiTROqDFplDhwcA_xMn8ReVJO9XfpRQMd9Nx-qG_RcUrBhGlkbD_h5gAC4EbuEWDMLrUSD3EPtlrfLKoTUCzaIb8SBZmyZ-3g2KbNJb2kH5nr9018J9GB0A4v4RFnxV82Na52J1s74ddsN2aGUlu6g9W8LMAmPtW-.js?_nc_x=B3rxyDp7C2A (648)
[0115/111403.977:INFO:CONSOLE(0)] "Error with Permissions-Policy header: Unrecognized feature: 'ambient-light-sensor'.", source:  (0)
[0115/111405.288:INFO:CONSOLE(0)] "Error with Permissions-Policy header: Unrecognized feature: 'ambient-light-sensor'.", source:  (0)
[0115/111406.531:INFO:CONSOLE(75)] "


                                            
 .d8888b.  888                       888    
d88P  Y88b 888                       888    
Y88b.      888                       888    This is a browser feature intended for 
 "Y888b.   888888  .d88b.  88888b.   888    developers. If someone told you to copy 
    "Y88b. 888    d88""88b 888 "88b  888    and paste something here to enable a 
      "888 888    888  888 888  888  Y8P    Facebook feature or "hack" someone's 
Y88b  d88P Y88b.  Y88..88P 888 d88P         account, it is a scam and will give them 
 "Y8888P"   "Y888  "Y88P"  88888P"   888    access to your Facebook account.
                           888              
                           888              
                           888              

See https://www.facebook.com/selfxss for more information.
", source: https://static.xx.fbcdn.net/rsrc.php/v3iGSh4/yY/l/makehaste_jhash/FplDhwcA_xM.js?_nc_x=B3rxyDp7C2A (75)
