[0115/111504.248:INFO:CONSOLE(0)] "Error with Permissions-Policy header: Unrecognized feature: 'ambient-light-sensor'.", source:  (0)
[0115/111505.952:INFO:CONSOLE(410)] "


                                            
 .d8888b.  888                       888    
d88P  Y88b 888                       888    Đây là một tính năng của trình duyệt 
Y88b.      888                       888    dành cho các nhà phát triển. Nếu ai đó 
 "Y888b.   888888  .d88b.  88888b.   888    bảo bạn sao chép-dán nội dung nào đó 
    "Y88b. 888    d88""88b 888 "88b  888    vào đây để bật một tính năng của Facebook 
      "888 888    888  888 888  888  Y8P    hoặc "hack" tài khoản của người khác, 
Y88b  d88P Y88b.  Y88..88P 888 d88P         thì đó là hành vi lừa đảo và sẽ khiến 
 "Y8888P"   "Y888  "Y88P"  88888P"   888    họ có thể truy cập vào tài khoản Facebook 
                           888              của bạn.
                           888              
                           888              

Xem https://www.facebook.com/selfxss để biết thêm thông tin.
", source: https://static.xx.fbcdn.net/rsrc.php/v3iNG04/yT/l/makehaste_jhash/UH0mYbgSz3HtEvGrEbCp0BXZTqzkJDAvWprOGSPIFXeVu1sKyiTROqDFplDhwcA_xMn8ReVJO9XfpRQMd9Nx-qG_RcUrBhGlkbD_h5gAC4EbuEWDMLrUSD3EP.js?_nc_x=iHBI75o9nKZ (410)
[0115/111506.099:INFO:CONSOLE(0)] "Error with Permissions-Policy header: Unrecognized feature: 'ambient-light-sensor'.", source:  (0)
[0115/111510.327:INFO:CONSOLE(0)] "Error with Permissions-Policy header: Unrecognized feature: 'ambient-light-sensor'.", source:  (0)
[0115/111511.211:INFO:CONSOLE(75)] "


                                            
 .d8888b.  888                       888    
d88P  Y88b 888                       888    Đây là một tính năng của trình duyệt 
Y88b.      888                       888    dành cho các nhà phát triển. Nếu ai đó 
 "Y888b.   888888  .d88b.  88888b.   888    bảo bạn sao chép-dán nội dung nào đó 
    "Y88b. 888    d88""88b 888 "88b  888    vào đây để bật một tính năng của Facebook 
      "888 888    888  888 888  888  Y8P    hoặc "hack" tài khoản của người khác, 
Y88b  d88P Y88b.  Y88..88P 888 d88P         thì đó là hành vi lừa đảo và sẽ khiến 
 "Y8888P"   "Y888  "Y88P"  88888P"   888    họ có thể truy cập vào tài khoản Facebook 
                           888              của bạn.
                           888              
                           888              

Xem https://www.facebook.com/selfxss để biết thêm thông tin.
", source: https://static.xx.fbcdn.net/rsrc.php/v3iGSh4/yY/l/makehaste_jhash/FplDhwcA_xM.js?_nc_x=iHBI75o9nKZ (75)
