[11876:6888:0221/172717.872:WARNING:chrome_main_delegate.cc(668)] This is Chrome version 121.0.6167.185 (not a warning)
[11876:6888:0221/172717.983:INFO:policy_logger.cc(144)] :components\enterprise\browser\controller\chrome_browser_cloud_management_controller.cc(168) Starting CBCM Controller Initialization
[11876:6888:0221/172717.983:INFO:policy_logger.cc(144)] :components\enterprise\browser\controller\chrome_browser_cloud_management_controller.cc(196) No machine level policy manager exists.
[11876:6888:0221/172718.818:INFO:CONSOLE(0)] "Error with Permissions-Policy header: Unrecognized feature: 'ambient-light-sensor'.", source:  (0)
[11876:6888:0221/172719.379:INFO:CONSOLE(106)] "A preload for 'https://static.xx.fbcdn.net/rsrc.php/v3/yb/r/eECk3ceTaHJ.png' is found, but is not used because image loading is disabled.", source: https://www.facebook.com/ (106)
[11876:6888:0221/172719.379:INFO:CONSOLE(106)] "A preload for 'https://static.xx.fbcdn.net/rsrc.php/v3/yb/r/eECk3ceTaHJ.png' is found, but is not used because image loading is disabled.", source: https://www.facebook.com/ (106)
[11876:6888:0221/172719.379:INFO:CONSOLE(106)] "A preload for 'https://static.xx.fbcdn.net/rsrc.php/v3/yN/r/ATlxuj_J5ty.png' is found, but is not used because image loading is disabled.", source: https://www.facebook.com/ (106)
[11876:6888:0221/172719.379:INFO:CONSOLE(106)] "A preload for 'https://static.xx.fbcdn.net/rsrc.php/v3/yN/r/ATlxuj_J5ty.png' is found, but is not used because image loading is disabled.", source: https://www.facebook.com/ (106)
[11876:6888:0221/172719.380:INFO:CONSOLE(106)] "A preload for 'https://static.xx.fbcdn.net/rsrc.php/v3/yr/r/c0dWho49-X3.png' is found, but is not used because image loading is disabled.", source: https://www.facebook.com/ (106)
[11876:6888:0221/172719.380:INFO:CONSOLE(106)] "A preload for 'https://static.xx.fbcdn.net/rsrc.php/v3/yr/r/c0dWho49-X3.png' is found, but is not used because image loading is disabled.", source: https://www.facebook.com/ (106)
[11876:6888:0221/172719.380:INFO:CONSOLE(106)] "A preload for 'https://static.xx.fbcdn.net/rsrc.php/v3/y7/r/Ivw7nhRtXyo.png' is found, but is not used because image loading is disabled.", source: https://www.facebook.com/ (106)
[11876:6888:0221/172719.380:INFO:CONSOLE(106)] "A preload for 'https://static.xx.fbcdn.net/rsrc.php/v3/y7/r/Ivw7nhRtXyo.png' is found, but is not used because image loading is disabled.", source: https://www.facebook.com/ (106)
[11876:6888:0221/172719.380:INFO:CONSOLE(106)] "A preload for 'https://static.xx.fbcdn.net/rsrc.php/v3/yd/r/Y4mYLVOhTwq.png' is found, but is not used because image loading is disabled.", source: https://www.facebook.com/ (106)
[11876:6888:0221/172719.380:INFO:CONSOLE(106)] "A preload for 'https://static.xx.fbcdn.net/rsrc.php/v3/yd/r/Y4mYLVOhTwq.png' is found, but is not used because image loading is disabled.", source: https://www.facebook.com/ (106)
[11876:6888:0221/172719.436:INFO:CONSOLE(604)] "A preload for 'https://static.xx.fbcdn.net/rsrc.php/v3/yr/r/c0dWho49-X3.png' is found, but is not used because image loading is disabled.", source: https://static.xx.fbcdn.net/rsrc.php/v3ieWX4/yK/l/makehaste_jhash/WmjpsiptDDwq043m1px02tI5LzDSxs6p9wts9_OTylR89L7kiJcBgX8Czmn3Vje86Kl9h8c3TOeA90-lAm_a_i2L5Imf066KzDgrWjR8xfZ0KhzkyhQ8bqNhYh51pnyATAoPPdf73MM3rnjSiApTiExep4rgpaDe9xVPwVHgnBiVbb6pnucw9-3hK7r.js?_nc_x=GhKuaIerzIq (604)
[11876:6888:0221/172719.436:INFO:CONSOLE(604)] "A preload for 'https://static.xx.fbcdn.net/rsrc.php/v3/y7/r/Ivw7nhRtXyo.png' is found, but is not used because image loading is disabled.", source: https://static.xx.fbcdn.net/rsrc.php/v3ieWX4/yK/l/makehaste_jhash/WmjpsiptDDwq043m1px02tI5LzDSxs6p9wts9_OTylR89L7kiJcBgX8Czmn3Vje86Kl9h8c3TOeA90-lAm_a_i2L5Imf066KzDgrWjR8xfZ0KhzkyhQ8bqNhYh51pnyATAoPPdf73MM3rnjSiApTiExep4rgpaDe9xVPwVHgnBiVbb6pnucw9-3hK7r.js?_nc_x=GhKuaIerzIq (604)
[11876:6888:0221/172719.437:INFO:CONSOLE(604)] "A preload for 'https://static.xx.fbcdn.net/rsrc.php/v3/yd/r/Y4mYLVOhTwq.png' is found, but is not used because image loading is disabled.", source: https://static.xx.fbcdn.net/rsrc.php/v3ieWX4/yK/l/makehaste_jhash/WmjpsiptDDwq043m1px02tI5LzDSxs6p9wts9_OTylR89L7kiJcBgX8Czmn3Vje86Kl9h8c3TOeA90-lAm_a_i2L5Imf066KzDgrWjR8xfZ0KhzkyhQ8bqNhYh51pnyATAoPPdf73MM3rnjSiApTiExep4rgpaDe9xVPwVHgnBiVbb6pnucw9-3hK7r.js?_nc_x=GhKuaIerzIq (604)
[11876:6888:0221/172719.438:INFO:CONSOLE(604)] "A preload for 'https://static.xx.fbcdn.net/rsrc.php/v3/yz/r/4GR4KRf3hN2.png' is found, but is not used because image loading is disabled.", source: https://static.xx.fbcdn.net/rsrc.php/v3ieWX4/yK/l/makehaste_jhash/WmjpsiptDDwq043m1px02tI5LzDSxs6p9wts9_OTylR89L7kiJcBgX8Czmn3Vje86Kl9h8c3TOeA90-lAm_a_i2L5Imf066KzDgrWjR8xfZ0KhzkyhQ8bqNhYh51pnyATAoPPdf73MM3rnjSiApTiExep4rgpaDe9xVPwVHgnBiVbb6pnucw9-3hK7r.js?_nc_x=GhKuaIerzIq (604)
[11876:6888:0221/172719.438:INFO:CONSOLE(604)] "A preload for 'https://static.xx.fbcdn.net/rsrc.php/v3/yV/r/vTDQ3deAsEh.png' is found, but is not used because image loading is disabled.", source: https://static.xx.fbcdn.net/rsrc.php/v3ieWX4/yK/l/makehaste_jhash/WmjpsiptDDwq043m1px02tI5LzDSxs6p9wts9_OTylR89L7kiJcBgX8Czmn3Vje86Kl9h8c3TOeA90-lAm_a_i2L5Imf066KzDgrWjR8xfZ0KhzkyhQ8bqNhYh51pnyATAoPPdf73MM3rnjSiApTiExep4rgpaDe9xVPwVHgnBiVbb6pnucw9-3hK7r.js?_nc_x=GhKuaIerzIq (604)
[11876:6888:0221/172719.697:INFO:CONSOLE(150)] "A preload for 'https://scontent.fdad3-5.fna.fbcdn.net/v/t39.30808-6/428636597_432562569452601_2257578723970500573_n.jpg?stp=dst-jpg_p75x225&_nc_cat=106&ccb=1-7&_nc_sid=524774&_nc_ohc=knmWe0OsEeoAX-_2Ike&_nc_ht=scontent.fdad3-5.fna&oh=00_AfCiRMLkPEeAkmEq5Si1XarUOoNwND_XNwJKS94b2VoM8g&oe=65DB2846' is found, but is not used because image loading is disabled.", source: https://www.facebook.com/ (150)
[11876:6888:0221/172719.697:INFO:CONSOLE(150)] "A preload for 'https://scontent.fdad3-5.fna.fbcdn.net/v/t39.30808-6/428636597_432562569452601_2257578723970500573_n.jpg?stp=dst-jpg_p75x225&_nc_cat=106&ccb=1-7&_nc_sid=524774&_nc_ohc=knmWe0OsEeoAX-_2Ike&_nc_ht=scontent.fdad3-5.fna&oh=00_AfCiRMLkPEeAkmEq5Si1XarUOoNwND_XNwJKS94b2VoM8g&oe=65DB2846' is found, but is not used because image loading is disabled.", source: https://www.facebook.com/ (150)
[11876:6888:0221/172719.715:INFO:CONSOLE(167)] "A preload for 'https://static.xx.fbcdn.net/rsrc.php/v3/yh/r/hcEW2yW6bcK.png' is found, but is not used because image loading is disabled.", source: https://www.facebook.com/ (167)
[11876:6888:0221/172719.721:INFO:CONSOLE(167)] "A preload for 'https://static.xx.fbcdn.net/rsrc.php/v3/y_/r/MSelyWiUxw1.png' is found, but is not used because image loading is disabled.", source: https://www.facebook.com/ (167)
[11876:6888:0221/172720.241:INFO:CONSOLE(0)] "Error with Permissions-Policy header: Unrecognized feature: 'ambient-light-sensor'.", source:  (0)
[11876:6888:0221/172720.250:INFO:CONSOLE(0)] "Third-party cookie will be blocked. Learn more in the Issues tab.", source: https://www.facebook.com/ (0)
[11876:6888:0221/172720.365:INFO:CONSOLE(239)] "
%cDừng lại! font-family:helvetica; font-size:20px; font-size:50px; font-weight:bold; color:red; -webkit-text-stroke:1px black;", source: https://static.xx.fbcdn.net/rsrc.php/v3/yW/r/-xtNSS8Cn-Q.js?_nc_x=GhKuaIerzIq (239)
[11876:6888:0221/172720.365:INFO:CONSOLE(239)] "
%cĐây là một tính năng của trình duyệt dành cho các nhà phát triển. Nếu ai đó bảo bạn sao chép-dán nội dung nào đó vào đây để bật một tính năng của Facebook hoặc "hack" tài khoản của người khác, thì đó là hành vi lừa đảo và sẽ khiến họ có thể truy cập vào tài khoản Facebook của bạn. font-family:helvetica; font-size:20px; ", source: https://static.xx.fbcdn.net/rsrc.php/v3/yW/r/-xtNSS8Cn-Q.js?_nc_x=GhKuaIerzIq (239)
[11876:6888:0221/172720.365:INFO:CONSOLE(239)] "
%cXem https://www.facebook.com/selfxss để biết thêm thông tin. font-family:helvetica; font-size:20px; ", source: https://static.xx.fbcdn.net/rsrc.php/v3/yW/r/-xtNSS8Cn-Q.js?_nc_x=GhKuaIerzIq (239)
[11876:6888:0221/172720.365:INFO:CONSOLE(239)] "
%c ", source: https://static.xx.fbcdn.net/rsrc.php/v3/yW/r/-xtNSS8Cn-Q.js?_nc_x=GhKuaIerzIq (239)
[11876:6888:0221/172722.774:INFO:CONSOLE(0)] "Error with Permissions-Policy header: Unrecognized feature: 'ambient-light-sensor'.", source:  (0)
[11876:6888:0221/172723.531:INFO:CONSOLE(0)] "Error with Permissions-Policy header: Unrecognized feature: 'ambient-light-sensor'.", source:  (0)
[11876:6888:0221/172723.536:INFO:CONSOLE(123)] "Third-party cookie will be blocked. Learn more in the Issues tab.", source: https://www.facebook.com/groups/goonus.io/posts/958458875569896/ (123)
[11876:6888:0221/172724.282:INFO:CONSOLE(239)] "
%cDừng lại! font-family:helvetica; font-size:20px; font-size:50px; font-weight:bold; color:red; -webkit-text-stroke:1px black;", source: https://static.xx.fbcdn.net/rsrc.php/v3/yW/r/-xtNSS8Cn-Q.js?_nc_x=GhKuaIerzIq (239)
[11876:6888:0221/172724.282:INFO:CONSOLE(239)] "
%cĐây là một tính năng của trình duyệt dành cho các nhà phát triển. Nếu ai đó bảo bạn sao chép-dán nội dung nào đó vào đây để bật một tính năng của Facebook hoặc "hack" tài khoản của người khác, thì đó là hành vi lừa đảo và sẽ khiến họ có thể truy cập vào tài khoản Facebook của bạn. font-family:helvetica; font-size:20px; ", source: https://static.xx.fbcdn.net/rsrc.php/v3/yW/r/-xtNSS8Cn-Q.js?_nc_x=GhKuaIerzIq (239)
[11876:6888:0221/172724.282:INFO:CONSOLE(239)] "
%cXem https://www.facebook.com/selfxss để biết thêm thông tin. font-family:helvetica; font-size:20px; ", source: https://static.xx.fbcdn.net/rsrc.php/v3/yW/r/-xtNSS8Cn-Q.js?_nc_x=GhKuaIerzIq (239)
[11876:6888:0221/172724.282:INFO:CONSOLE(239)] "
%c ", source: https://static.xx.fbcdn.net/rsrc.php/v3/yW/r/-xtNSS8Cn-Q.js?_nc_x=GhKuaIerzIq (239)
[11876:6888:0221/172724.686:INFO:CONSOLE(0)] "Error with Permissions-Policy header: Unrecognized feature: 'ambient-light-sensor'.", source:  (0)
[11876:6888:0221/172725.406:INFO:CONSOLE(71)] "Third-party cookie will be blocked. Learn more in the Issues tab.", source: https://www.facebook.com/groups/goonus.io/posts/958458875569896/ (71)
[11876:6888:0221/172725.407:INFO:CONSOLE(0)] "Error with Permissions-Policy header: Unrecognized feature: 'ambient-light-sensor'.", source:  (0)
[11876:6888:0221/172726.003:INFO:CONSOLE(239)] "
%cDừng lại! font-family:helvetica; font-size:20px; font-size:50px; font-weight:bold; color:red; -webkit-text-stroke:1px black;", source: https://static.xx.fbcdn.net/rsrc.php/v3/yW/r/-xtNSS8Cn-Q.js?_nc_x=GhKuaIerzIq (239)
[11876:6888:0221/172726.003:INFO:CONSOLE(239)] "
%cĐây là một tính năng của trình duyệt dành cho các nhà phát triển. Nếu ai đó bảo bạn sao chép-dán nội dung nào đó vào đây để bật một tính năng của Facebook hoặc "hack" tài khoản của người khác, thì đó là hành vi lừa đảo và sẽ khiến họ có thể truy cập vào tài khoản Facebook của bạn. font-family:helvetica; font-size:20px; ", source: https://static.xx.fbcdn.net/rsrc.php/v3/yW/r/-xtNSS8Cn-Q.js?_nc_x=GhKuaIerzIq (239)
[11876:6888:0221/172726.003:INFO:CONSOLE(239)] "
%cXem https://www.facebook.com/selfxss để biết thêm thông tin. font-family:helvetica; font-size:20px; ", source: https://static.xx.fbcdn.net/rsrc.php/v3/yW/r/-xtNSS8Cn-Q.js?_nc_x=GhKuaIerzIq (239)
[11876:6888:0221/172726.003:INFO:CONSOLE(239)] "
%c ", source: https://static.xx.fbcdn.net/rsrc.php/v3/yW/r/-xtNSS8Cn-Q.js?_nc_x=GhKuaIerzIq (239)
